<?xml version="1.0" encoding="UTF-8"?>
<testsuite name="baseline.Solution31Test" tests="1" skipped="0" failures="0" errors="0" timestamp="2021-10-04T00:58:01" hostname="LAPTOP-AN2V3G5P" time="0.012">
  <properties/>
  <testcase name="main()" classname="baseline.Solution31Test" time="0.012"/>
  <system-out><![CDATA[]]></system-out>
  <system-err><![CDATA[]]></system-err>
</testsuite>
